<?xml version="1.0" encoding="UTF-8"?>
<testng-results skipped="0" failed="0" total="2" passed="2">
  <reporter-output>
  </reporter-output>
  <suite name="Default suite" duration-ms="12256" started-at="2015-10-13T10:08:35Z" finished-at="2015-10-13T10:08:47Z">
    <groups>
    </groups>
    <test name="Default test" duration-ms="12256" started-at="2015-10-13T10:08:35Z" finished-at="2015-10-13T10:08:47Z">
      <class name="com.example.tests.TestBase">
        <test-method status="PASS" signature="setUp()[pri:0, instance:com.example.tests.TestBase@13b6d03]" name="setUp" is-config="true" duration-ms="7987" started-at="2015-10-13T13:08:35Z" finished-at="2015-10-13T13:08:43Z">
          <reporter-output>
          </reporter-output>
        </test-method> <!-- setUp -->
        <test-method status="PASS" signature="tearDown()[pri:0, instance:com.example.tests.TestBase@13b6d03]" name="tearDown" is-config="true" duration-ms="1354" started-at="2015-10-13T13:08:46Z" finished-at="2015-10-13T13:08:47Z">
          <reporter-output>
          </reporter-output>
        </test-method> <!-- tearDown -->
      </class> <!-- com.example.tests.TestBase -->
      <class name="com.example.tests.EmptyGroupCreationTests">
        <test-method status="PASS" signature="testEmptyGroupCreation()[pri:0, instance:com.example.tests.EmptyGroupCreationTests@1a06946]" name="testEmptyGroupCreation" duration-ms="802" started-at="2015-10-13T13:08:45Z" finished-at="2015-10-13T13:08:46Z">
          <reporter-output>
          </reporter-output>
        </test-method> <!-- testEmptyGroupCreation -->
      </class> <!-- com.example.tests.EmptyGroupCreationTests -->
      <class name="com.example.tests.GroupCreationTests">
        <test-method status="PASS" signature="testNonEmptyGroupCreation()[pri:0, instance:com.example.tests.GroupCreationTests@3bf400]" name="testNonEmptyGroupCreation" duration-ms="2102" started-at="2015-10-13T13:08:43Z" finished-at="2015-10-13T13:08:45Z">
          <reporter-output>
          </reporter-output>
        </test-method> <!-- testNonEmptyGroupCreation -->
      </class> <!-- com.example.tests.GroupCreationTests -->
    </test> <!-- Default test -->
  </suite> <!-- Default suite -->
</testng-results>
