<?xml version="1.0" encoding="UTF-8"?>
<!-- Generated by org.testng.reporters.JUnitXMLReporter -->
<testsuite hostname="vshulkevich" name="Default test" tests="4" failures="0" timestamp="13 Oct 2015 14:05:17 GMT" time="14.432" errors="0">
  <testcase name="testNonEmptyUserCreation" time="2.77" classname="com.example.tests.NonEmptyUserCreation"/>
  <testcase name="testNonEmptyGroupCreation" time="1.025" classname="com.example.tests.GroupCreationTests"/>
  <testcase name="testUntitled" time="1.783" classname="com.example.tests.EmptyUserCreation"/>
  <testcase name="testEmptyGroupCreation" time="0.813" classname="com.example.tests.EmptyGroupCreationTests"/>
</testsuite> <!-- Default test -->
