<?xml version="1.0" encoding="UTF-8"?>
<testng-results skipped="0" failed="0" total="1" passed="1">
  <reporter-output>
  </reporter-output>
  <suite name="Default suite" duration-ms="8694" started-at="2015-11-06T14:12:33Z" finished-at="2015-11-06T14:12:42Z">
    <groups>
    </groups>
    <test name="Default test" duration-ms="8694" started-at="2015-11-06T14:12:33Z" finished-at="2015-11-06T14:12:42Z">
      <class name="com.example.tests.ContactRemovalTests">
        <test-method status="PASS" signature="setUp()[pri:0, instance:com.example.tests.ContactRemovalTests@ba4d54]" name="setUp" is-config="true" duration-ms="5945" started-at="2015-11-06T17:12:33Z" finished-at="2015-11-06T17:12:39Z">
          <reporter-output>
          </reporter-output>
        </test-method> <!-- setUp -->
        <test-method status="PASS" signature="deleteSomeContact()[pri:0, instance:com.example.tests.ContactRemovalTests@ba4d54]" name="deleteSomeContact" duration-ms="1971" started-at="2015-11-06T17:12:39Z" finished-at="2015-11-06T17:12:41Z">
          <reporter-output>
          </reporter-output>
        </test-method> <!-- deleteSomeContact -->
        <test-method status="PASS" signature="tearDown()[pri:0, instance:com.example.tests.ContactRemovalTests@ba4d54]" name="tearDown" is-config="true" duration-ms="762" started-at="2015-11-06T17:12:41Z" finished-at="2015-11-06T17:12:42Z">
          <reporter-output>
          </reporter-output>
        </test-method> <!-- tearDown -->
      </class> <!-- com.example.tests.ContactRemovalTests -->
    </test> <!-- Default test -->
  </suite> <!-- Default suite -->
</testng-results>
